e:\c++\kkk\pao x por\dma-kaka\x64\release\dma-kaka.res
e:\c++\kkk\pao x por\x64\release\paox por1.exe
e:\c++\kkk\pao x por\x64\release\paox por1.pdb
e:\c++\kkk\pao x por\dma-kaka\x64\release\imgui_impl_dx11.obj
e:\c++\kkk\pao x por\dma-kaka\x64\release\registry.obj
e:\c++\kkk\pao x por\dma-kaka\x64\release\imgui_draw.obj
e:\c++\kkk\pao x por\dma-kaka\x64\release\imgui_freetype.obj
e:\c++\kkk\pao x por\dma-kaka\x64\release\imgui_widgets.obj
e:\c++\kkk\pao x por\dma-kaka\x64\release\decrypt.obj
e:\c++\kkk\pao x por\dma-kaka\x64\release\overlay.obj
e:\c++\kkk\pao x por\dma-kaka\x64\release\imgui_impl_win32.obj
e:\c++\kkk\pao x por\dma-kaka\x64\release\memory.obj
e:\c++\kkk\pao x por\dma-kaka\x64\release\entitys.obj
e:\c++\kkk\pao x por\dma-kaka\x64\release\dmarender.obj
e:\c++\kkk\pao x por\dma-kaka\x64\release\texture.obj
e:\c++\kkk\pao x por\dma-kaka\x64\release\mobox.obj
e:\c++\kkk\pao x por\dma-kaka\x64\release\transform.obj
e:\c++\kkk\pao x por\dma-kaka\x64\release\inputmanager.obj
e:\c++\kkk\pao x por\dma-kaka\x64\release\imgui.obj
e:\c++\kkk\pao x por\dma-kaka\x64\release\imgui_knobs.obj
e:\c++\kkk\pao x por\dma-kaka\x64\release\imgui_stdlib.obj
e:\c++\kkk\pao x por\dma-kaka\x64\release\vectorhelper.obj
e:\c++\kkk\pao x por\dma-kaka\x64\release\process.obj
e:\c++\kkk\pao x por\dma-kaka\x64\release\lurker.obj
e:\c++\kkk\pao x por\dma-kaka\x64\release\kmboxnet.obj
e:\c++\kkk\pao x por\dma-kaka\x64\release\string.obj
e:\c++\kkk\pao x por\dma-kaka\x64\release\throttler.obj
e:\c++\kkk\pao x por\dma-kaka\x64\release\matrix.obj
e:\c++\kkk\pao x por\dma-kaka\x64\release\quat.obj
e:\c++\kkk\pao x por\dma-kaka\x64\release\vector.obj
e:\c++\kkk\pao x por\dma-kaka\x64\release\dmalibrary.obj
e:\c++\kkk\pao x por\dma-kaka\x64\release\shellcode.obj
e:\c++\kkk\pao x por\dma-kaka\x64\release\imgui_tables.obj
e:\c++\kkk\pao x por\dma-kaka\x64\release\main.obj
e:\c++\kkk\pao x por\dma-kaka\x64\release\kmbox.obj
e:\c++\kkk\pao x por\dma-kaka\x64\release\timer.obj
e:\c++\kkk\pao x por\dma-kaka\x64\release\rotator.obj
e:\c++\kkk\pao x por\dma-kaka\x64\release\w3c.obj
e:\c++\kkk\pao x por\dma-kaka\x64\release\vc143.pdb
e:\c++\kkk\pao x por\dma-kaka\x64\release\usynergy.obj
e:\c++\kkk\pao x por\dma-kaka\x64\release\cjson.obj
e:\c++\kkk\pao x por\x64\release\paox por1.lib
e:\c++\kkk\pao x por\x64\release\paox por1.exp
e:\c++\kkk\pao x por\dma-kaka\x64\release\paox por1.ipdb
e:\c++\kkk\pao x por\dma-kaka\x64\release\paox por1.iobj
e:\c++\kkk\pao x por\dma-kaka\x64\release\dma-kaka.tlog\cl.read.1.tlog
e:\c++\kkk\pao x por\dma-kaka\x64\release\dma-kaka.tlog\cl.command.1.tlog
e:\c++\kkk\pao x por\dma-kaka\x64\release\dma-kaka.tlog\rc.read.1.tlog
e:\c++\kkk\pao x por\dma-kaka\x64\release\dma-kaka.tlog\rc.write.1.tlog
e:\c++\kkk\pao x por\dma-kaka\x64\release\dma-kaka.tlog\rc.command.1.tlog
e:\c++\kkk\pao x por\dma-kaka\x64\release\dma-kaka.tlog\link.read.17.tlog
e:\c++\kkk\pao x por\dma-kaka\x64\release\dma-kaka.tlog\link.write.1.tlog
e:\c++\kkk\pao x por\dma-kaka\x64\release\dma-kaka.tlog\link.secondary.1.tlog
e:\c++\kkk\pao x por\dma-kaka\x64\release\dma-kaka.tlog\link.command.1.tlog
e:\c++\kkk\pao x por\dma-kaka\x64\release\dma-kaka.tlog\cl.items.tlog
e:\c++\kkk\pao x por\dma-kaka\x64\release\dma-kaka.tlog\cl.write.1.tlog
